[2017-09-03 15:09:19:907] [WARN] - org.apache.shiro.mgt.DefaultSecurityManager.getRememberedIdentity(DefaultSecurityManager.java:609) - Delegate RememberMeManager instance of type [org.apache.shiro.web.mgt.CookieRememberMeManager] threw an exception during getRememberedPrincipals().
org.apache.shiro.io.SerializationException: Unable to deserialze argument byte array.
	at org.apache.shiro.io.DefaultSerializer.deserialize(DefaultSerializer.java:82) ~[shiro-core-1.2.3.jar:1.2.3]
	at org.apache.shiro.mgt.AbstractRememberMeManager.deserialize(AbstractRememberMeManager.java:514) ~[shiro-core-1.2.3.jar:1.2.3]
	at org.apache.shiro.mgt.AbstractRememberMeManager.convertBytesToPrincipals(AbstractRememberMeManager.java:431) ~[shiro-core-1.2.3.jar:1.2.3]
	at org.apache.shiro.mgt.AbstractRememberMeManager.getRememberedPrincipals(AbstractRememberMeManager.java:396) ~[shiro-core-1.2.3.jar:1.2.3]
	at org.apache.shiro.mgt.DefaultSecurityManager.getRememberedIdentity(DefaultSecurityManager.java:604) [shiro-core-1.2.3.jar:1.2.3]
	at org.apache.shiro.mgt.DefaultSecurityManager.resolvePrincipals(DefaultSecurityManager.java:492) [shiro-core-1.2.3.jar:1.2.3]
	at org.apache.shiro.mgt.DefaultSecurityManager.createSubject(DefaultSecurityManager.java:342) [shiro-core-1.2.3.jar:1.2.3]
	at org.apache.shiro.subject.Subject$Builder.buildSubject(Subject.java:846) [shiro-core-1.2.3.jar:1.2.3]
	at org.apache.shiro.web.subject.WebSubject$Builder.buildWebSubject(WebSubject.java:148) [shiro-web-1.2.3.jar:1.2.3]
	at org.apache.shiro.web.servlet.AbstractShiroFilter.createSubject(AbstractShiroFilter.java:292) [shiro-web-1.2.3.jar:1.2.3]
	at org.apache.shiro.web.servlet.AbstractShiroFilter.doFilterInternal(AbstractShiroFilter.java:359) [shiro-web-1.2.3.jar:1.2.3]
	at org.apache.shiro.web.servlet.OncePerRequestFilter.doFilter(OncePerRequestFilter.java:125) [shiro-web-1.2.3.jar:1.2.3]
	at org.springframework.web.filter.DelegatingFilterProxy.invokeDelegate(DelegatingFilterProxy.java:346) [spring-web-4.3.5.RELEASE.jar:4.3.5.RELEASE]
	at org.springframework.web.filter.DelegatingFilterProxy.doFilter(DelegatingFilterProxy.java:262) [spring-web-4.3.5.RELEASE.jar:4.3.5.RELEASE]
	at org.apache.catalina.core.ApplicationFilterChain.internalDoFilter(ApplicationFilterChain.java:243) [tomcat-embed-core-7.0.47.jar:7.0.47]
	at org.apache.catalina.core.ApplicationFilterChain.doFilter(ApplicationFilterChain.java:210) [tomcat-embed-core-7.0.47.jar:7.0.47]
	at org.apache.catalina.core.StandardWrapperValve.invoke(StandardWrapperValve.java:222) [tomcat-embed-core-7.0.47.jar:7.0.47]
	at org.apache.catalina.core.StandardContextValve.invoke(StandardContextValve.java:123) [tomcat-embed-core-7.0.47.jar:7.0.47]
	at org.apache.catalina.authenticator.AuthenticatorBase.invoke(AuthenticatorBase.java:502) [tomcat-embed-core-7.0.47.jar:7.0.47]
	at org.apache.catalina.core.StandardHostValve.invoke(StandardHostValve.java:171) [tomcat-embed-core-7.0.47.jar:7.0.47]
	at org.apache.catalina.valves.ErrorReportValve.invoke(ErrorReportValve.java:100) [tomcat-embed-core-7.0.47.jar:7.0.47]
	at org.apache.catalina.valves.AccessLogValve.invoke(AccessLogValve.java:953) [tomcat-embed-core-7.0.47.jar:7.0.47]
	at org.apache.catalina.core.StandardEngineValve.invoke(StandardEngineValve.java:118) [tomcat-embed-core-7.0.47.jar:7.0.47]
	at org.apache.catalina.connector.CoyoteAdapter.service(CoyoteAdapter.java:408) [tomcat-embed-core-7.0.47.jar:7.0.47]
	at org.apache.coyote.http11.AbstractHttp11Processor.process(AbstractHttp11Processor.java:1041) [tomcat-embed-core-7.0.47.jar:7.0.47]
	at org.apache.coyote.AbstractProtocol$AbstractConnectionHandler.process(AbstractProtocol.java:603) [tomcat-embed-core-7.0.47.jar:7.0.47]
	at org.apache.tomcat.util.net.JIoEndpoint$SocketProcessor.run(JIoEndpoint.java:310) [tomcat-embed-core-7.0.47.jar:7.0.47]
	at java.util.concurrent.ThreadPoolExecutor.runWorker(ThreadPoolExecutor.java:1142) [?:1.8.0_111]
	at java.util.concurrent.ThreadPoolExecutor$Worker.run(ThreadPoolExecutor.java:617) [?:1.8.0_111]
	at java.lang.Thread.run(Thread.java:745) [?:1.8.0_111]
Caused by: java.lang.ClassNotFoundException: Unable to load ObjectStreamClass [com.yxb.cms.domain.vo.User: static final long serialVersionUID = 1L;]: 
	at org.apache.shiro.io.ClassResolvingObjectInputStream.resolveClass(ClassResolvingObjectInputStream.java:55) ~[shiro-core-1.2.3.jar:1.2.3]
	at java.io.ObjectInputStream.readNonProxyDesc(ObjectInputStream.java:1620) ~[?:1.8.0_111]
	at java.io.ObjectInputStream.readClassDesc(ObjectInputStream.java:1521) ~[?:1.8.0_111]
	at java.io.ObjectInputStream.readOrdinaryObject(ObjectInputStream.java:1781) ~[?:1.8.0_111]
	at java.io.ObjectInputStream.readObject0(ObjectInputStream.java:1353) ~[?:1.8.0_111]
	at java.io.ObjectInputStream.readObject(ObjectInputStream.java:373) ~[?:1.8.0_111]
	at java.util.HashSet.readObject(HashSet.java:333) ~[?:1.8.0_111]
	at sun.reflect.NativeMethodAccessorImpl.invoke0(Native Method) ~[?:1.8.0_111]
	at sun.reflect.NativeMethodAccessorImpl.invoke(NativeMethodAccessorImpl.java:62) ~[?:1.8.0_111]
	at sun.reflect.DelegatingMethodAccessorImpl.invoke(DelegatingMethodAccessorImpl.java:43) ~[?:1.8.0_111]
	at java.lang.reflect.Method.invoke(Method.java:498) ~[?:1.8.0_111]
	at java.io.ObjectStreamClass.invokeReadObject(ObjectStreamClass.java:1058) ~[?:1.8.0_111]
	at java.io.ObjectInputStream.readSerialData(ObjectInputStream.java:1909) ~[?:1.8.0_111]
	at java.io.ObjectInputStream.readOrdinaryObject(ObjectInputStream.java:1808) ~[?:1.8.0_111]
	at java.io.ObjectInputStream.readObject0(ObjectInputStream.java:1353) ~[?:1.8.0_111]
	at java.io.ObjectInputStream.readObject(ObjectInputStream.java:373) ~[?:1.8.0_111]
	at java.util.HashMap.readObject(HashMap.java:1404) ~[?:1.8.0_111]
	at sun.reflect.NativeMethodAccessorImpl.invoke0(Native Method) ~[?:1.8.0_111]
	at sun.reflect.NativeMethodAccessorImpl.invoke(NativeMethodAccessorImpl.java:62) ~[?:1.8.0_111]
	at sun.reflect.DelegatingMethodAccessorImpl.invoke(DelegatingMethodAccessorImpl.java:43) ~[?:1.8.0_111]
	at java.lang.reflect.Method.invoke(Method.java:498) ~[?:1.8.0_111]
	at java.io.ObjectStreamClass.invokeReadObject(ObjectStreamClass.java:1058) ~[?:1.8.0_111]
	at java.io.ObjectInputStream.readSerialData(ObjectInputStream.java:1909) ~[?:1.8.0_111]
	at java.io.ObjectInputStream.readOrdinaryObject(ObjectInputStream.java:1808) ~[?:1.8.0_111]
	at java.io.ObjectInputStream.readObject0(ObjectInputStream.java:1353) ~[?:1.8.0_111]
	at java.io.ObjectInputStream.defaultReadFields(ObjectInputStream.java:2018) ~[?:1.8.0_111]
	at java.io.ObjectInputStream.defaultReadObject(ObjectInputStream.java:503) ~[?:1.8.0_111]
	at org.apache.shiro.subject.SimplePrincipalCollection.readObject(SimplePrincipalCollection.java:295) ~[shiro-core-1.2.3.jar:1.2.3]
	at sun.reflect.NativeMethodAccessorImpl.invoke0(Native Method) ~[?:1.8.0_111]
	at sun.reflect.NativeMethodAccessorImpl.invoke(NativeMethodAccessorImpl.java:62) ~[?:1.8.0_111]
	at sun.reflect.DelegatingMethodAccessorImpl.invoke(DelegatingMethodAccessorImpl.java:43) ~[?:1.8.0_111]
	at java.lang.reflect.Method.invoke(Method.java:498) ~[?:1.8.0_111]
	at java.io.ObjectStreamClass.invokeReadObject(ObjectStreamClass.java:1058) ~[?:1.8.0_111]
	at java.io.ObjectInputStream.readSerialData(ObjectInputStream.java:1909) ~[?:1.8.0_111]
	at java.io.ObjectInputStream.readOrdinaryObject(ObjectInputStream.java:1808) ~[?:1.8.0_111]
	at java.io.ObjectInputStream.readObject0(ObjectInputStream.java:1353) ~[?:1.8.0_111]
	at java.io.ObjectInputStream.readObject(ObjectInputStream.java:373) ~[?:1.8.0_111]
	at org.apache.shiro.io.DefaultSerializer.deserialize(DefaultSerializer.java:77) ~[shiro-core-1.2.3.jar:1.2.3]
	... 29 more
Caused by: org.apache.shiro.util.UnknownClassException: Unable to load class named [com.yxb.cms.domain.vo.User] from the thread context, current, or system/application ClassLoaders.  All heuristics have been exhausted.  Class could not be found.
	at org.apache.shiro.util.ClassUtils.forName(ClassUtils.java:148) ~[shiro-core-1.2.3.jar:1.2.3]
	at org.apache.shiro.io.ClassResolvingObjectInputStream.resolveClass(ClassResolvingObjectInputStream.java:53) ~[shiro-core-1.2.3.jar:1.2.3]
	at java.io.ObjectInputStream.readNonProxyDesc(ObjectInputStream.java:1620) ~[?:1.8.0_111]
	at java.io.ObjectInputStream.readClassDesc(ObjectInputStream.java:1521) ~[?:1.8.0_111]
	at java.io.ObjectInputStream.readOrdinaryObject(ObjectInputStream.java:1781) ~[?:1.8.0_111]
	at java.io.ObjectInputStream.readObject0(ObjectInputStream.java:1353) ~[?:1.8.0_111]
	at java.io.ObjectInputStream.readObject(ObjectInputStream.java:373) ~[?:1.8.0_111]
	at java.util.HashSet.readObject(HashSet.java:333) ~[?:1.8.0_111]
	at sun.reflect.NativeMethodAccessorImpl.invoke0(Native Method) ~[?:1.8.0_111]
	at sun.reflect.NativeMethodAccessorImpl.invoke(NativeMethodAccessorImpl.java:62) ~[?:1.8.0_111]
	at sun.reflect.DelegatingMethodAccessorImpl.invoke(DelegatingMethodAccessorImpl.java:43) ~[?:1.8.0_111]
	at java.lang.reflect.Method.invoke(Method.java:498) ~[?:1.8.0_111]
	at java.io.ObjectStreamClass.invokeReadObject(ObjectStreamClass.java:1058) ~[?:1.8.0_111]
	at java.io.ObjectInputStream.readSerialData(ObjectInputStream.java:1909) ~[?:1.8.0_111]
	at java.io.ObjectInputStream.readOrdinaryObject(ObjectInputStream.java:1808) ~[?:1.8.0_111]
	at java.io.ObjectInputStream.readObject0(ObjectInputStream.java:1353) ~[?:1.8.0_111]
	at java.io.ObjectInputStream.readObject(ObjectInputStream.java:373) ~[?:1.8.0_111]
	at java.util.HashMap.readObject(HashMap.java:1404) ~[?:1.8.0_111]
	at sun.reflect.NativeMethodAccessorImpl.invoke0(Native Method) ~[?:1.8.0_111]
	at sun.reflect.NativeMethodAccessorImpl.invoke(NativeMethodAccessorImpl.java:62) ~[?:1.8.0_111]
	at sun.reflect.DelegatingMethodAccessorImpl.invoke(DelegatingMethodAccessorImpl.java:43) ~[?:1.8.0_111]
	at java.lang.reflect.Method.invoke(Method.java:498) ~[?:1.8.0_111]
	at java.io.ObjectStreamClass.invokeReadObject(ObjectStreamClass.java:1058) ~[?:1.8.0_111]
	at java.io.ObjectInputStream.readSerialData(ObjectInputStream.java:1909) ~[?:1.8.0_111]
	at java.io.ObjectInputStream.readOrdinaryObject(ObjectInputStream.java:1808) ~[?:1.8.0_111]
	at java.io.ObjectInputStream.readObject0(ObjectInputStream.java:1353) ~[?:1.8.0_111]
	at java.io.ObjectInputStream.defaultReadFields(ObjectInputStream.java:2018) ~[?:1.8.0_111]
	at java.io.ObjectInputStream.defaultReadObject(ObjectInputStream.java:503) ~[?:1.8.0_111]
	at org.apache.shiro.subject.SimplePrincipalCollection.readObject(SimplePrincipalCollection.java:295) ~[shiro-core-1.2.3.jar:1.2.3]
	at sun.reflect.NativeMethodAccessorImpl.invoke0(Native Method) ~[?:1.8.0_111]
	at sun.reflect.NativeMethodAccessorImpl.invoke(NativeMethodAccessorImpl.java:62) ~[?:1.8.0_111]
	at sun.reflect.DelegatingMethodAccessorImpl.invoke(DelegatingMethodAccessorImpl.java:43) ~[?:1.8.0_111]
	at java.lang.reflect.Method.invoke(Method.java:498) ~[?:1.8.0_111]
	at java.io.ObjectStreamClass.invokeReadObject(ObjectStreamClass.java:1058) ~[?:1.8.0_111]
	at java.io.ObjectInputStream.readSerialData(ObjectInputStream.java:1909) ~[?:1.8.0_111]
	at java.io.ObjectInputStream.readOrdinaryObject(ObjectInputStream.java:1808) ~[?:1.8.0_111]
	at java.io.ObjectInputStream.readObject0(ObjectInputStream.java:1353) ~[?:1.8.0_111]
	at java.io.ObjectInputStream.readObject(ObjectInputStream.java:373) ~[?:1.8.0_111]
	at org.apache.shiro.io.DefaultSerializer.deserialize(DefaultSerializer.java:77) ~[shiro-core-1.2.3.jar:1.2.3]
	... 29 more
