[2017-08-30 16:52:16:124] [ERROR] - org.springframework.web.servlet.FrameworkServlet.initServletBean(FrameworkServlet.java:502) - Context initialization failed
org.springframework.beans.factory.BeanCreationException: Error creating bean with name 'org.springframework.aop.config.internalAutoProxyCreator': Instantiation of bean failed; nested exception is org.springframework.beans.BeanInstantiationException: Failed to instantiate [org.springframework.aop.aspectj.annotation.AnnotationAwareAspectJAutoProxyCreator]: Constructor threw exception; nested exception is java.lang.NoClassDefFoundError: org/aspectj/lang/annotation/Around
	at org.springframework.beans.factory.support.AbstractAutowireCapableBeanFactory.instantiateBean(AbstractAutowireCapableBeanFactory.java:1116) ~[spring-beans-4.3.5.RELEASE.jar:4.3.5.RELEASE]
	at org.springframework.beans.factory.support.AbstractAutowireCapableBeanFactory.createBeanInstance(AbstractAutowireCapableBeanFactory.java:1060) ~[spring-beans-4.3.5.RELEASE.jar:4.3.5.RELEASE]
	at org.springframework.beans.factory.support.AbstractAutowireCapableBeanFactory.doCreateBean(AbstractAutowireCapableBeanFactory.java:513) ~[spring-beans-4.3.5.RELEASE.jar:4.3.5.RELEASE]
	at org.springframework.beans.factory.support.AbstractAutowireCapableBeanFactory.createBean(AbstractAutowireCapableBeanFactory.java:483) ~[spring-beans-4.3.5.RELEASE.jar:4.3.5.RELEASE]
	at org.springframework.beans.factory.support.AbstractBeanFactory$1.getObject(AbstractBeanFactory.java:306) ~[spring-beans-4.3.5.RELEASE.jar:4.3.5.RELEASE]
	at org.springframework.beans.factory.support.DefaultSingletonBeanRegistry.getSingleton(DefaultSingletonBeanRegistry.java:230) ~[spring-beans-4.3.5.RELEASE.jar:4.3.5.RELEASE]
	at org.springframework.beans.factory.support.AbstractBeanFactory.doGetBean(AbstractBeanFactory.java:302) ~[spring-beans-4.3.5.RELEASE.jar:4.3.5.RELEASE]
	at org.springframework.beans.factory.support.AbstractBeanFactory.getBean(AbstractBeanFactory.java:202) ~[spring-beans-4.3.5.RELEASE.jar:4.3.5.RELEASE]
	at org.springframework.context.support.PostProcessorRegistrationDelegate.registerBeanPostProcessors(PostProcessorRegistrationDelegate.java:223) ~[spring-context-4.3.5.RELEASE.jar:4.3.5.RELEASE]
	at org.springframework.context.support.AbstractApplicationContext.registerBeanPostProcessors(AbstractApplicationContext.java:702) ~[spring-context-4.3.5.RELEASE.jar:4.3.5.RELEASE]
	at org.springframework.context.support.AbstractApplicationContext.refresh(AbstractApplicationContext.java:527) ~[spring-context-4.3.5.RELEASE.jar:4.3.5.RELEASE]
	at org.springframework.web.servlet.FrameworkServlet.configureAndRefreshWebApplicationContext(FrameworkServlet.java:668) ~[spring-webmvc-4.3.5.RELEASE.jar:4.3.5.RELEASE]
	at org.springframework.web.servlet.FrameworkServlet.createWebApplicationContext(FrameworkServlet.java:634) ~[spring-webmvc-4.3.5.RELEASE.jar:4.3.5.RELEASE]
	at org.springframework.web.servlet.FrameworkServlet.createWebApplicationContext(FrameworkServlet.java:682) ~[spring-webmvc-4.3.5.RELEASE.jar:4.3.5.RELEASE]
	at org.springframework.web.servlet.FrameworkServlet.initWebApplicationContext(FrameworkServlet.java:553) ~[spring-webmvc-4.3.5.RELEASE.jar:4.3.5.RELEASE]
	at org.springframework.web.servlet.FrameworkServlet.initServletBean(FrameworkServlet.java:494) [spring-webmvc-4.3.5.RELEASE.jar:4.3.5.RELEASE]
	at org.springframework.web.servlet.HttpServletBean.init(HttpServletBean.java:136) [spring-webmvc-4.3.5.RELEASE.jar:4.3.5.RELEASE]
	at javax.servlet.GenericServlet.init(GenericServlet.java:160) [tomcat-embed-core-7.0.47.jar:7.0.47]
	at org.apache.catalina.core.StandardWrapper.initServlet(StandardWrapper.java:1280) [tomcat-embed-core-7.0.47.jar:7.0.47]
	at org.apache.catalina.core.StandardWrapper.loadServlet(StandardWrapper.java:1193) [tomcat-embed-core-7.0.47.jar:7.0.47]
	at org.apache.catalina.core.StandardWrapper.load(StandardWrapper.java:1088) [tomcat-embed-core-7.0.47.jar:7.0.47]
	at org.apache.catalina.core.StandardContext.loadOnStartup(StandardContext.java:5176) [tomcat-embed-core-7.0.47.jar:7.0.47]
	at org.apache.catalina.core.StandardContext.startInternal(StandardContext.java:5460) [tomcat-embed-core-7.0.47.jar:7.0.47]
	at org.apache.catalina.util.LifecycleBase.start(LifecycleBase.java:150) [tomcat-embed-core-7.0.47.jar:7.0.47]
	at org.apache.catalina.core.ContainerBase$StartChild.call(ContainerBase.java:1559) [tomcat-embed-core-7.0.47.jar:7.0.47]
	at org.apache.catalina.core.ContainerBase$StartChild.call(ContainerBase.java:1549) [tomcat-embed-core-7.0.47.jar:7.0.47]
	at java.util.concurrent.FutureTask.run(FutureTask.java:266) [?:1.8.0_111]
	at java.util.concurrent.ThreadPoolExecutor.runWorker(ThreadPoolExecutor.java:1142) [?:1.8.0_111]
	at java.util.concurrent.ThreadPoolExecutor$Worker.run(ThreadPoolExecutor.java:617) [?:1.8.0_111]
	at java.lang.Thread.run(Thread.java:745) [?:1.8.0_111]
Caused by: org.springframework.beans.BeanInstantiationException: Failed to instantiate [org.springframework.aop.aspectj.annotation.AnnotationAwareAspectJAutoProxyCreator]: Constructor threw exception; nested exception is java.lang.NoClassDefFoundError: org/aspectj/lang/annotation/Around
	at org.springframework.beans.BeanUtils.instantiateClass(BeanUtils.java:154) ~[spring-beans-4.3.5.RELEASE.jar:4.3.5.RELEASE]
	at org.springframework.beans.factory.support.SimpleInstantiationStrategy.instantiate(SimpleInstantiationStrategy.java:89) ~[spring-beans-4.3.5.RELEASE.jar:4.3.5.RELEASE]
	at org.springframework.beans.factory.support.AbstractAutowireCapableBeanFactory.instantiateBean(AbstractAutowireCapableBeanFactory.java:1108) ~[spring-beans-4.3.5.RELEASE.jar:4.3.5.RELEASE]
	... 29 more
Caused by: java.lang.NoClassDefFoundError: org/aspectj/lang/annotation/Around
	at org.springframework.aop.aspectj.annotation.ReflectiveAspectJAdvisorFactory.<clinit>(ReflectiveAspectJAdvisorFactory.java:76) ~[spring-aop-4.3.5.RELEASE.jar:4.3.5.RELEASE]
	at org.springframework.aop.aspectj.annotation.AnnotationAwareAspectJAutoProxyCreator.<init>(AnnotationAwareAspectJAutoProxyCreator.java:53) ~[spring-aop-4.3.5.RELEASE.jar:4.3.5.RELEASE]
	at sun.reflect.NativeConstructorAccessorImpl.newInstance0(Native Method) ~[?:1.8.0_111]
	at sun.reflect.NativeConstructorAccessorImpl.newInstance(NativeConstructorAccessorImpl.java:62) ~[?:1.8.0_111]
	at sun.reflect.DelegatingConstructorAccessorImpl.newInstance(DelegatingConstructorAccessorImpl.java:45) ~[?:1.8.0_111]
	at java.lang.reflect.Constructor.newInstance(Constructor.java:423) ~[?:1.8.0_111]
	at org.springframework.beans.BeanUtils.instantiateClass(BeanUtils.java:142) ~[spring-beans-4.3.5.RELEASE.jar:4.3.5.RELEASE]
	at org.springframework.beans.factory.support.SimpleInstantiationStrategy.instantiate(SimpleInstantiationStrategy.java:89) ~[spring-beans-4.3.5.RELEASE.jar:4.3.5.RELEASE]
	at org.springframework.beans.factory.support.AbstractAutowireCapableBeanFactory.instantiateBean(AbstractAutowireCapableBeanFactory.java:1108) ~[spring-beans-4.3.5.RELEASE.jar:4.3.5.RELEASE]
	... 29 more
Caused by: java.lang.ClassNotFoundException: org.aspectj.lang.annotation.Around
	at org.apache.catalina.loader.WebappClassLoader.loadClass(WebappClassLoader.java:1702) ~[tomcat-embed-core-7.0.47.jar:7.0.47]
	at org.apache.catalina.loader.WebappClassLoader.loadClass(WebappClassLoader.java:1547) ~[tomcat-embed-core-7.0.47.jar:7.0.47]
	at org.springframework.aop.aspectj.annotation.ReflectiveAspectJAdvisorFactory.<clinit>(ReflectiveAspectJAdvisorFactory.java:76) ~[spring-aop-4.3.5.RELEASE.jar:4.3.5.RELEASE]
	at org.springframework.aop.aspectj.annotation.AnnotationAwareAspectJAutoProxyCreator.<init>(AnnotationAwareAspectJAutoProxyCreator.java:53) ~[spring-aop-4.3.5.RELEASE.jar:4.3.5.RELEASE]
	at sun.reflect.NativeConstructorAccessorImpl.newInstance0(Native Method) ~[?:1.8.0_111]
	at sun.reflect.NativeConstructorAccessorImpl.newInstance(NativeConstructorAccessorImpl.java:62) ~[?:1.8.0_111]
	at sun.reflect.DelegatingConstructorAccessorImpl.newInstance(DelegatingConstructorAccessorImpl.java:45) ~[?:1.8.0_111]
	at java.lang.reflect.Constructor.newInstance(Constructor.java:423) ~[?:1.8.0_111]
	at org.springframework.beans.BeanUtils.instantiateClass(BeanUtils.java:142) ~[spring-beans-4.3.5.RELEASE.jar:4.3.5.RELEASE]
	at org.springframework.beans.factory.support.SimpleInstantiationStrategy.instantiate(SimpleInstantiationStrategy.java:89) ~[spring-beans-4.3.5.RELEASE.jar:4.3.5.RELEASE]
	at org.springframework.beans.factory.support.AbstractAutowireCapableBeanFactory.instantiateBean(AbstractAutowireCapableBeanFactory.java:1108) ~[spring-beans-4.3.5.RELEASE.jar:4.3.5.RELEASE]
	... 29 more
[2017-08-30 19:56:11:036] [ERROR] - com.autumnframework.login.controller.LoginController.loginCheck(LoginController.java:112) - ï¿½ï¿½Â½ï¿½ï¿½Ö¤Ê§ï¿½ï¿½,Ô­ï¿½ï¿½:ÏµÍ³ï¿½ï¿½Â½ï¿½ì³£
org.apache.shiro.UnavailableSecurityManagerException: No SecurityManager accessible to the calling code, either bound to the org.apache.shiro.util.ThreadContext or as a vm static singleton.  This is an invalid application configuration.
	at org.apache.shiro.SecurityUtils.getSecurityManager(SecurityUtils.java:123) ~[shiro-core-1.2.2.jar:1.2.2]
	at org.apache.shiro.subject.Subject$Builder.<init>(Subject.java:627) ~[shiro-core-1.2.2.jar:1.2.2]
	at org.apache.shiro.SecurityUtils.getSubject(SecurityUtils.java:56) ~[shiro-core-1.2.2.jar:1.2.2]
	at com.autumnframework.login.controller.LoginController.loginCheck(LoginController.java:96) [classes/:?]
	at sun.reflect.NativeMethodAccessorImpl.invoke0(Native Method) ~[?:1.8.0_111]
	at sun.reflect.NativeMethodAccessorImpl.invoke(NativeMethodAccessorImpl.java:62) ~[?:1.8.0_111]
	at sun.reflect.DelegatingMethodAccessorImpl.invoke(DelegatingMethodAccessorImpl.java:43) ~[?:1.8.0_111]
	at java.lang.reflect.Method.invoke(Method.java:498) ~[?:1.8.0_111]
	at org.springframework.web.method.support.InvocableHandlerMethod.doInvoke(InvocableHandlerMethod.java:220) [spring-web-4.3.5.RELEASE.jar:4.3.5.RELEASE]
	at org.springframework.web.method.support.InvocableHandlerMethod.invokeForRequest(InvocableHandlerMethod.java:134) [spring-web-4.3.5.RELEASE.jar:4.3.5.RELEASE]
	at org.springframework.web.servlet.mvc.method.annotation.ServletInvocableHandlerMethod.invokeAndHandle(ServletInvocableHandlerMethod.java:116) [spring-webmvc-4.3.5.RELEASE.jar:4.3.5.RELEASE]
	at org.springframework.web.servlet.mvc.method.annotation.RequestMappingHandlerAdapter.invokeHandlerMethod(RequestMappingHandlerAdapter.java:827) [spring-webmvc-4.3.5.RELEASE.jar:4.3.5.RELEASE]
	at org.springframework.web.servlet.mvc.method.annotation.RequestMappingHandlerAdapter.handleInternal(RequestMappingHandlerAdapter.java:738) [spring-webmvc-4.3.5.RELEASE.jar:4.3.5.RELEASE]
	at org.springframework.web.servlet.mvc.method.AbstractHandlerMethodAdapter.handle(AbstractHandlerMethodAdapter.java:85) [spring-webmvc-4.3.5.RELEASE.jar:4.3.5.RELEASE]
	at org.springframework.web.servlet.DispatcherServlet.doDispatch(DispatcherServlet.java:963) [spring-webmvc-4.3.5.RELEASE.jar:4.3.5.RELEASE]
	at org.springframework.web.servlet.DispatcherServlet.doService(DispatcherServlet.java:897) [spring-webmvc-4.3.5.RELEASE.jar:4.3.5.RELEASE]
	at org.springframework.web.servlet.FrameworkServlet.processRequest(FrameworkServlet.java:970) [spring-webmvc-4.3.5.RELEASE.jar:4.3.5.RELEASE]
	at org.springframework.web.servlet.FrameworkServlet.doPost(FrameworkServlet.java:872) [spring-webmvc-4.3.5.RELEASE.jar:4.3.5.RELEASE]
	at javax.servlet.http.HttpServlet.service(HttpServlet.java:647) [tomcat-embed-core-7.0.47.jar:7.0.47]
	at org.springframework.web.servlet.FrameworkServlet.service(FrameworkServlet.java:846) [spring-webmvc-4.3.5.RELEASE.jar:4.3.5.RELEASE]
	at javax.servlet.http.HttpServlet.service(HttpServlet.java:728) [tomcat-embed-core-7.0.47.jar:7.0.47]
	at org.apache.catalina.core.ApplicationFilterChain.internalDoFilter(ApplicationFilterChain.java:305) [tomcat-embed-core-7.0.47.jar:7.0.47]
	at org.apache.catalina.core.ApplicationFilterChain.doFilter(ApplicationFilterChain.java:210) [tomcat-embed-core-7.0.47.jar:7.0.47]
	at org.apache.tomcat.websocket.server.WsFilter.doFilter(WsFilter.java:51) [tomcat-embed-core-7.0.47.jar:7.0.47]
	at org.apache.catalina.core.ApplicationFilterChain.internalDoFilter(ApplicationFilterChain.java:243) [tomcat-embed-core-7.0.47.jar:7.0.47]
	at org.apache.catalina.core.ApplicationFilterChain.doFilter(ApplicationFilterChain.java:210) [tomcat-embed-core-7.0.47.jar:7.0.47]
	at org.apache.catalina.core.StandardWrapperValve.invoke(StandardWrapperValve.java:222) [tomcat-embed-core-7.0.47.jar:7.0.47]
	at org.apache.catalina.core.StandardContextValve.invoke(StandardContextValve.java:123) [tomcat-embed-core-7.0.47.jar:7.0.47]
	at org.apache.catalina.authenticator.AuthenticatorBase.invoke(AuthenticatorBase.java:502) [tomcat-embed-core-7.0.47.jar:7.0.47]
	at org.apache.catalina.core.StandardHostValve.invoke(StandardHostValve.java:171) [tomcat-embed-core-7.0.47.jar:7.0.47]
	at org.apache.catalina.valves.ErrorReportValve.invoke(ErrorReportValve.java:100) [tomcat-embed-core-7.0.47.jar:7.0.47]
	at org.apache.catalina.valves.AccessLogValve.invoke(AccessLogValve.java:953) [tomcat-embed-core-7.0.47.jar:7.0.47]
	at org.apache.catalina.core.StandardEngineValve.invoke(StandardEngineValve.java:118) [tomcat-embed-core-7.0.47.jar:7.0.47]
	at org.apache.catalina.connector.CoyoteAdapter.service(CoyoteAdapter.java:408) [tomcat-embed-core-7.0.47.jar:7.0.47]
	at org.apache.coyote.http11.AbstractHttp11Processor.process(AbstractHttp11Processor.java:1041) [tomcat-embed-core-7.0.47.jar:7.0.47]
	at org.apache.coyote.AbstractProtocol$AbstractConnectionHandler.process(AbstractProtocol.java:603) [tomcat-embed-core-7.0.47.jar:7.0.47]
	at org.apache.tomcat.util.net.JIoEndpoint$SocketProcessor.run(JIoEndpoint.java:312) [tomcat-embed-core-7.0.47.jar:7.0.47]
	at java.util.concurrent.ThreadPoolExecutor.runWorker(ThreadPoolExecutor.java:1142) [?:1.8.0_111]
	at java.util.concurrent.ThreadPoolExecutor$Worker.run(ThreadPoolExecutor.java:617) [?:1.8.0_111]
	at java.lang.Thread.run(Thread.java:745) [?:1.8.0_111]
[2017-08-30 20:06:02:003] [ERROR] - com.autumnframework.login.controller.LoginController.loginCheck(LoginController.java:112) - ï¿½ï¿½Â½ï¿½ï¿½Ö¤Ê§ï¿½ï¿½,Ô­ï¿½ï¿½:ÏµÍ³ï¿½ï¿½Â½ï¿½ì³£
org.apache.shiro.UnavailableSecurityManagerException: No SecurityManager accessible to the calling code, either bound to the org.apache.shiro.util.ThreadContext or as a vm static singleton.  This is an invalid application configuration.
	at org.apache.shiro.SecurityUtils.getSecurityManager(SecurityUtils.java:123) ~[shiro-core-1.2.2.jar:1.2.2]
	at org.apache.shiro.subject.Subject$Builder.<init>(Subject.java:627) ~[shiro-core-1.2.2.jar:1.2.2]
	at org.apache.shiro.SecurityUtils.getSubject(SecurityUtils.java:56) ~[shiro-core-1.2.2.jar:1.2.2]
	at com.autumnframework.login.controller.LoginController.loginCheck(LoginController.java:96) [classes/:?]
	at sun.reflect.NativeMethodAccessorImpl.invoke0(Native Method) ~[?:1.8.0_111]
	at sun.reflect.NativeMethodAccessorImpl.invoke(NativeMethodAccessorImpl.java:62) ~[?:1.8.0_111]
	at sun.reflect.DelegatingMethodAccessorImpl.invoke(DelegatingMethodAccessorImpl.java:43) ~[?:1.8.0_111]
	at java.lang.reflect.Method.invoke(Method.java:498) ~[?:1.8.0_111]
	at org.springframework.web.method.support.InvocableHandlerMethod.doInvoke(InvocableHandlerMethod.java:220) [spring-web-4.3.5.RELEASE.jar:4.3.5.RELEASE]
	at org.springframework.web.method.support.InvocableHandlerMethod.invokeForRequest(InvocableHandlerMethod.java:134) [spring-web-4.3.5.RELEASE.jar:4.3.5.RELEASE]
	at org.springframework.web.servlet.mvc.method.annotation.ServletInvocableHandlerMethod.invokeAndHandle(ServletInvocableHandlerMethod.java:116) [spring-webmvc-4.3.5.RELEASE.jar:4.3.5.RELEASE]
	at org.springframework.web.servlet.mvc.method.annotation.RequestMappingHandlerAdapter.invokeHandlerMethod(RequestMappingHandlerAdapter.java:827) [spring-webmvc-4.3.5.RELEASE.jar:4.3.5.RELEASE]
	at org.springframework.web.servlet.mvc.method.annotation.RequestMappingHandlerAdapter.handleInternal(RequestMappingHandlerAdapter.java:738) [spring-webmvc-4.3.5.RELEASE.jar:4.3.5.RELEASE]
	at org.springframework.web.servlet.mvc.method.AbstractHandlerMethodAdapter.handle(AbstractHandlerMethodAdapter.java:85) [spring-webmvc-4.3.5.RELEASE.jar:4.3.5.RELEASE]
	at org.springframework.web.servlet.DispatcherServlet.doDispatch(DispatcherServlet.java:963) [spring-webmvc-4.3.5.RELEASE.jar:4.3.5.RELEASE]
	at org.springframework.web.servlet.DispatcherServlet.doService(DispatcherServlet.java:897) [spring-webmvc-4.3.5.RELEASE.jar:4.3.5.RELEASE]
	at org.springframework.web.servlet.FrameworkServlet.processRequest(FrameworkServlet.java:970) [spring-webmvc-4.3.5.RELEASE.jar:4.3.5.RELEASE]
	at org.springframework.web.servlet.FrameworkServlet.doPost(FrameworkServlet.java:872) [spring-webmvc-4.3.5.RELEASE.jar:4.3.5.RELEASE]
	at javax.servlet.http.HttpServlet.service(HttpServlet.java:647) [tomcat-embed-core-7.0.47.jar:7.0.47]
	at org.springframework.web.servlet.FrameworkServlet.service(FrameworkServlet.java:846) [spring-webmvc-4.3.5.RELEASE.jar:4.3.5.RELEASE]
	at javax.servlet.http.HttpServlet.service(HttpServlet.java:728) [tomcat-embed-core-7.0.47.jar:7.0.47]
	at org.apache.catalina.core.ApplicationFilterChain.internalDoFilter(ApplicationFilterChain.java:305) [tomcat-embed-core-7.0.47.jar:7.0.47]
	at org.apache.catalina.core.ApplicationFilterChain.doFilter(ApplicationFilterChain.java:210) [tomcat-embed-core-7.0.47.jar:7.0.47]
	at org.apache.tomcat.websocket.server.WsFilter.doFilter(WsFilter.java:51) [tomcat-embed-core-7.0.47.jar:7.0.47]
	at org.apache.catalina.core.ApplicationFilterChain.internalDoFilter(ApplicationFilterChain.java:243) [tomcat-embed-core-7.0.47.jar:7.0.47]
	at org.apache.catalina.core.ApplicationFilterChain.doFilter(ApplicationFilterChain.java:210) [tomcat-embed-core-7.0.47.jar:7.0.47]
	at org.apache.catalina.core.StandardWrapperValve.invoke(StandardWrapperValve.java:222) [tomcat-embed-core-7.0.47.jar:7.0.47]
	at org.apache.catalina.core.StandardContextValve.invoke(StandardContextValve.java:123) [tomcat-embed-core-7.0.47.jar:7.0.47]
	at org.apache.catalina.authenticator.AuthenticatorBase.invoke(AuthenticatorBase.java:502) [tomcat-embed-core-7.0.47.jar:7.0.47]
	at org.apache.catalina.core.StandardHostValve.invoke(StandardHostValve.java:171) [tomcat-embed-core-7.0.47.jar:7.0.47]
	at org.apache.catalina.valves.ErrorReportValve.invoke(ErrorReportValve.java:100) [tomcat-embed-core-7.0.47.jar:7.0.47]
	at org.apache.catalina.valves.AccessLogValve.invoke(AccessLogValve.java:953) [tomcat-embed-core-7.0.47.jar:7.0.47]
	at org.apache.catalina.core.StandardEngineValve.invoke(StandardEngineValve.java:118) [tomcat-embed-core-7.0.47.jar:7.0.47]
	at org.apache.catalina.connector.CoyoteAdapter.service(CoyoteAdapter.java:408) [tomcat-embed-core-7.0.47.jar:7.0.47]
	at org.apache.coyote.http11.AbstractHttp11Processor.process(AbstractHttp11Processor.java:1041) [tomcat-embed-core-7.0.47.jar:7.0.47]
	at org.apache.coyote.AbstractProtocol$AbstractConnectionHandler.process(AbstractProtocol.java:603) [tomcat-embed-core-7.0.47.jar:7.0.47]
	at org.apache.tomcat.util.net.JIoEndpoint$SocketProcessor.run(JIoEndpoint.java:312) [tomcat-embed-core-7.0.47.jar:7.0.47]
	at java.util.concurrent.ThreadPoolExecutor.runWorker(ThreadPoolExecutor.java:1142) [?:1.8.0_111]
	at java.util.concurrent.ThreadPoolExecutor$Worker.run(ThreadPoolExecutor.java:617) [?:1.8.0_111]
	at java.lang.Thread.run(Thread.java:745) [?:1.8.0_111]
[2017-08-30 20:22:36:793] [ERROR] - com.autumnframework.login.controller.LoginController.loginCheck(LoginController.java:90) - ï¿½ï¿½Â½ï¿½ï¿½Ö¤Ê§ï¿½ï¿½,Ô­ï¿½ï¿½:ï¿½ï¿½Ö¤ï¿½ï¿½ï¿½ï¿½ï¿½code:xdfd,sessionCode:xdhd8
[2017-08-30 20:27:02:783] [ERROR] - com.autumnframework.login.controller.LoginController.loginCheck(LoginController.java:112) - µÇÂ½ÑéÖ¤Ê§°Ü,Ô­Òò:ÏµÍ³µÇÂ½Òì³£
org.apache.shiro.UnavailableSecurityManagerException: No SecurityManager accessible to the calling code, either bound to the org.apache.shiro.util.ThreadContext or as a vm static singleton.  This is an invalid application configuration.
	at org.apache.shiro.SecurityUtils.getSecurityManager(SecurityUtils.java:123) ~[shiro-core-1.2.2.jar:1.2.2]
	at org.apache.shiro.subject.Subject$Builder.<init>(Subject.java:627) ~[shiro-core-1.2.2.jar:1.2.2]
	at org.apache.shiro.SecurityUtils.getSubject(SecurityUtils.java:56) ~[shiro-core-1.2.2.jar:1.2.2]
	at com.autumnframework.login.controller.LoginController.loginCheck(LoginController.java:96) [classes/:?]
	at sun.reflect.NativeMethodAccessorImpl.invoke0(Native Method) ~[?:1.8.0_111]
	at sun.reflect.NativeMethodAccessorImpl.invoke(NativeMethodAccessorImpl.java:62) ~[?:1.8.0_111]
	at sun.reflect.DelegatingMethodAccessorImpl.invoke(DelegatingMethodAccessorImpl.java:43) ~[?:1.8.0_111]
	at java.lang.reflect.Method.invoke(Method.java:498) ~[?:1.8.0_111]
	at org.springframework.web.method.support.InvocableHandlerMethod.doInvoke(InvocableHandlerMethod.java:220) [spring-web-4.3.5.RELEASE.jar:4.3.5.RELEASE]
	at org.springframework.web.method.support.InvocableHandlerMethod.invokeForRequest(InvocableHandlerMethod.java:134) [spring-web-4.3.5.RELEASE.jar:4.3.5.RELEASE]
	at org.springframework.web.servlet.mvc.method.annotation.ServletInvocableHandlerMethod.invokeAndHandle(ServletInvocableHandlerMethod.java:116) [spring-webmvc-4.3.5.RELEASE.jar:4.3.5.RELEASE]
	at org.springframework.web.servlet.mvc.method.annotation.RequestMappingHandlerAdapter.invokeHandlerMethod(RequestMappingHandlerAdapter.java:827) [spring-webmvc-4.3.5.RELEASE.jar:4.3.5.RELEASE]
	at org.springframework.web.servlet.mvc.method.annotation.RequestMappingHandlerAdapter.handleInternal(RequestMappingHandlerAdapter.java:738) [spring-webmvc-4.3.5.RELEASE.jar:4.3.5.RELEASE]
	at org.springframework.web.servlet.mvc.method.AbstractHandlerMethodAdapter.handle(AbstractHandlerMethodAdapter.java:85) [spring-webmvc-4.3.5.RELEASE.jar:4.3.5.RELEASE]
	at org.springframework.web.servlet.DispatcherServlet.doDispatch(DispatcherServlet.java:963) [spring-webmvc-4.3.5.RELEASE.jar:4.3.5.RELEASE]
	at org.springframework.web.servlet.DispatcherServlet.doService(DispatcherServlet.java:897) [spring-webmvc-4.3.5.RELEASE.jar:4.3.5.RELEASE]
	at org.springframework.web.servlet.FrameworkServlet.processRequest(FrameworkServlet.java:970) [spring-webmvc-4.3.5.RELEASE.jar:4.3.5.RELEASE]
	at org.springframework.web.servlet.FrameworkServlet.doPost(FrameworkServlet.java:872) [spring-webmvc-4.3.5.RELEASE.jar:4.3.5.RELEASE]
	at javax.servlet.http.HttpServlet.service(HttpServlet.java:647) [tomcat-embed-core-7.0.47.jar:7.0.47]
	at org.springframework.web.servlet.FrameworkServlet.service(FrameworkServlet.java:846) [spring-webmvc-4.3.5.RELEASE.jar:4.3.5.RELEASE]
	at javax.servlet.http.HttpServlet.service(HttpServlet.java:728) [tomcat-embed-core-7.0.47.jar:7.0.47]
	at org.apache.catalina.core.ApplicationFilterChain.internalDoFilter(ApplicationFilterChain.java:305) [tomcat-embed-core-7.0.47.jar:7.0.47]
	at org.apache.catalina.core.ApplicationFilterChain.doFilter(ApplicationFilterChain.java:210) [tomcat-embed-core-7.0.47.jar:7.0.47]
	at org.apache.tomcat.websocket.server.WsFilter.doFilter(WsFilter.java:51) [tomcat-embed-core-7.0.47.jar:7.0.47]
	at org.apache.catalina.core.ApplicationFilterChain.internalDoFilter(ApplicationFilterChain.java:243) [tomcat-embed-core-7.0.47.jar:7.0.47]
	at org.apache.catalina.core.ApplicationFilterChain.doFilter(ApplicationFilterChain.java:210) [tomcat-embed-core-7.0.47.jar:7.0.47]
	at org.apache.catalina.core.StandardWrapperValve.invoke(StandardWrapperValve.java:222) [tomcat-embed-core-7.0.47.jar:7.0.47]
	at org.apache.catalina.core.StandardContextValve.invoke(StandardContextValve.java:123) [tomcat-embed-core-7.0.47.jar:7.0.47]
	at org.apache.catalina.authenticator.AuthenticatorBase.invoke(AuthenticatorBase.java:502) [tomcat-embed-core-7.0.47.jar:7.0.47]
	at org.apache.catalina.core.StandardHostValve.invoke(StandardHostValve.java:171) [tomcat-embed-core-7.0.47.jar:7.0.47]
	at org.apache.catalina.valves.ErrorReportValve.invoke(ErrorReportValve.java:100) [tomcat-embed-core-7.0.47.jar:7.0.47]
	at org.apache.catalina.valves.AccessLogValve.invoke(AccessLogValve.java:953) [tomcat-embed-core-7.0.47.jar:7.0.47]
	at org.apache.catalina.core.StandardEngineValve.invoke(StandardEngineValve.java:118) [tomcat-embed-core-7.0.47.jar:7.0.47]
	at org.apache.catalina.connector.CoyoteAdapter.service(CoyoteAdapter.java:408) [tomcat-embed-core-7.0.47.jar:7.0.47]
	at org.apache.coyote.http11.AbstractHttp11Processor.process(AbstractHttp11Processor.java:1041) [tomcat-embed-core-7.0.47.jar:7.0.47]
	at org.apache.coyote.AbstractProtocol$AbstractConnectionHandler.process(AbstractProtocol.java:603) [tomcat-embed-core-7.0.47.jar:7.0.47]
	at org.apache.tomcat.util.net.JIoEndpoint$SocketProcessor.run(JIoEndpoint.java:310) [tomcat-embed-core-7.0.47.jar:7.0.47]
	at java.util.concurrent.ThreadPoolExecutor.runWorker(ThreadPoolExecutor.java:1142) [?:1.8.0_111]
	at java.util.concurrent.ThreadPoolExecutor$Worker.run(ThreadPoolExecutor.java:617) [?:1.8.0_111]
	at java.lang.Thread.run(Thread.java:745) [?:1.8.0_111]
[2017-08-30 20:27:08:904] [ERROR] - com.autumnframework.login.controller.LoginController.loginCheck(LoginController.java:90) - µÇÂ½ÑéÖ¤Ê§°Ü,Ô­Òò:ÑéÖ¤Âë´íÎó£ºcode:55shg,sessionCode:1pgvb
[2017-08-30 20:33:44:150] [ERROR] - org.apache.shiro.web.servlet.AbstractFilter.init(AbstractFilter.java:103) - Unable to start Filter: [No WebEnvironment found: no EnvironmentLoaderListener registered?].
java.lang.IllegalStateException: No WebEnvironment found: no EnvironmentLoaderListener registered?
	at org.apache.shiro.web.util.WebUtils.getRequiredWebEnvironment(WebUtils.java:276) ~[shiro-web-1.2.2.jar:1.2.2]
	at org.apache.shiro.web.servlet.ShiroFilter.init(ShiroFilter.java:73) ~[shiro-web-1.2.2.jar:1.2.2]
	at org.apache.shiro.web.servlet.AbstractShiroFilter.onFilterConfigSet(AbstractShiroFilter.java:152) ~[shiro-web-1.2.2.jar:1.2.2]
	at org.apache.shiro.web.servlet.AbstractFilter.init(AbstractFilter.java:97) [shiro-web-1.2.2.jar:1.2.2]
	at org.apache.catalina.core.ApplicationFilterConfig.initFilter(ApplicationFilterConfig.java:281) [tomcat-embed-core-7.0.47.jar:7.0.47]
	at org.apache.catalina.core.ApplicationFilterConfig.getFilter(ApplicationFilterConfig.java:262) [tomcat-embed-core-7.0.47.jar:7.0.47]
	at org.apache.catalina.core.ApplicationFilterConfig.<init>(ApplicationFilterConfig.java:107) [tomcat-embed-core-7.0.47.jar:7.0.47]
	at org.apache.catalina.core.StandardContext.filterStart(StandardContext.java:4775) [tomcat-embed-core-7.0.47.jar:7.0.47]
	at org.apache.catalina.core.StandardContext.startInternal(StandardContext.java:5452) [tomcat-embed-core-7.0.47.jar:7.0.47]
	at org.apache.catalina.util.LifecycleBase.start(LifecycleBase.java:150) [tomcat-embed-core-7.0.47.jar:7.0.47]
	at org.apache.catalina.core.ContainerBase$StartChild.call(ContainerBase.java:1559) [tomcat-embed-core-7.0.47.jar:7.0.47]
	at org.apache.catalina.core.ContainerBase$StartChild.call(ContainerBase.java:1549) [tomcat-embed-core-7.0.47.jar:7.0.47]
	at java.util.concurrent.FutureTask.run(FutureTask.java:266) [?:1.8.0_111]
	at java.util.concurrent.ThreadPoolExecutor.runWorker(ThreadPoolExecutor.java:1142) [?:1.8.0_111]
	at java.util.concurrent.ThreadPoolExecutor$Worker.run(ThreadPoolExecutor.java:617) [?:1.8.0_111]
	at java.lang.Thread.run(Thread.java:745) [?:1.8.0_111]
[2017-08-30 20:40:54:053] [ERROR] - org.apache.shiro.web.servlet.AbstractFilter.init(AbstractFilter.java:103) - Unable to start Filter: [No WebEnvironment found: no EnvironmentLoaderListener registered?].
java.lang.IllegalStateException: No WebEnvironment found: no EnvironmentLoaderListener registered?
	at org.apache.shiro.web.util.WebUtils.getRequiredWebEnvironment(WebUtils.java:276) ~[shiro-web-1.2.2.jar:1.2.2]
	at org.apache.shiro.web.servlet.ShiroFilter.init(ShiroFilter.java:73) ~[shiro-web-1.2.2.jar:1.2.2]
	at org.apache.shiro.web.servlet.AbstractShiroFilter.onFilterConfigSet(AbstractShiroFilter.java:152) ~[shiro-web-1.2.2.jar:1.2.2]
	at org.apache.shiro.web.servlet.AbstractFilter.init(AbstractFilter.java:97) [shiro-web-1.2.2.jar:1.2.2]
	at org.apache.catalina.core.ApplicationFilterConfig.initFilter(ApplicationFilterConfig.java:281) [tomcat-embed-core-7.0.47.jar:7.0.47]
	at org.apache.catalina.core.ApplicationFilterConfig.getFilter(ApplicationFilterConfig.java:262) [tomcat-embed-core-7.0.47.jar:7.0.47]
	at org.apache.catalina.core.ApplicationFilterConfig.<init>(ApplicationFilterConfig.java:107) [tomcat-embed-core-7.0.47.jar:7.0.47]
	at org.apache.catalina.core.StandardContext.filterStart(StandardContext.java:4775) [tomcat-embed-core-7.0.47.jar:7.0.47]
	at org.apache.catalina.core.StandardContext.startInternal(StandardContext.java:5452) [tomcat-embed-core-7.0.47.jar:7.0.47]
	at org.apache.catalina.util.LifecycleBase.start(LifecycleBase.java:150) [tomcat-embed-core-7.0.47.jar:7.0.47]
	at org.apache.catalina.core.ContainerBase$StartChild.call(ContainerBase.java:1559) [tomcat-embed-core-7.0.47.jar:7.0.47]
	at org.apache.catalina.core.ContainerBase$StartChild.call(ContainerBase.java:1549) [tomcat-embed-core-7.0.47.jar:7.0.47]
	at java.util.concurrent.FutureTask.run(FutureTask.java:266) [?:1.8.0_111]
	at java.util.concurrent.ThreadPoolExecutor.runWorker(ThreadPoolExecutor.java:1142) [?:1.8.0_111]
	at java.util.concurrent.ThreadPoolExecutor$Worker.run(ThreadPoolExecutor.java:617) [?:1.8.0_111]
	at java.lang.Thread.run(Thread.java:745) [?:1.8.0_111]
[2017-08-30 20:43:44:270] [ERROR] - org.apache.shiro.web.servlet.AbstractFilter.init(AbstractFilter.java:103) - Unable to start Filter: [No WebEnvironment found: no EnvironmentLoaderListener registered?].
java.lang.IllegalStateException: No WebEnvironment found: no EnvironmentLoaderListener registered?
	at org.apache.shiro.web.util.WebUtils.getRequiredWebEnvironment(WebUtils.java:276) ~[shiro-web-1.2.2.jar:1.2.2]
	at org.apache.shiro.web.servlet.ShiroFilter.init(ShiroFilter.java:73) ~[shiro-web-1.2.2.jar:1.2.2]
	at org.apache.shiro.web.servlet.AbstractShiroFilter.onFilterConfigSet(AbstractShiroFilter.java:152) ~[shiro-web-1.2.2.jar:1.2.2]
	at org.apache.shiro.web.servlet.AbstractFilter.init(AbstractFilter.java:97) [shiro-web-1.2.2.jar:1.2.2]
	at org.apache.catalina.core.ApplicationFilterConfig.initFilter(ApplicationFilterConfig.java:281) [tomcat-embed-core-7.0.47.jar:7.0.47]
	at org.apache.catalina.core.ApplicationFilterConfig.getFilter(ApplicationFilterConfig.java:262) [tomcat-embed-core-7.0.47.jar:7.0.47]
	at org.apache.catalina.core.ApplicationFilterConfig.<init>(ApplicationFilterConfig.java:107) [tomcat-embed-core-7.0.47.jar:7.0.47]
	at org.apache.catalina.core.StandardContext.filterStart(StandardContext.java:4775) [tomcat-embed-core-7.0.47.jar:7.0.47]
	at org.apache.catalina.core.StandardContext.startInternal(StandardContext.java:5452) [tomcat-embed-core-7.0.47.jar:7.0.47]
	at org.apache.catalina.util.LifecycleBase.start(LifecycleBase.java:150) [tomcat-embed-core-7.0.47.jar:7.0.47]
	at org.apache.catalina.core.ContainerBase$StartChild.call(ContainerBase.java:1559) [tomcat-embed-core-7.0.47.jar:7.0.47]
	at org.apache.catalina.core.ContainerBase$StartChild.call(ContainerBase.java:1549) [tomcat-embed-core-7.0.47.jar:7.0.47]
	at java.util.concurrent.FutureTask.run(FutureTask.java:266) [?:1.8.0_111]
	at java.util.concurrent.ThreadPoolExecutor.runWorker(ThreadPoolExecutor.java:1142) [?:1.8.0_111]
	at java.util.concurrent.ThreadPoolExecutor$Worker.run(ThreadPoolExecutor.java:617) [?:1.8.0_111]
	at java.lang.Thread.run(Thread.java:745) [?:1.8.0_111]
